{"level":"info","msg":"Server Started","time":"2024-02-04T20:42:22+06:00"}
{"level":"info","msg":"Shutting down server...","time":"2024-02-04T20:52:53+06:00"}
{"level":"info","msg":"Server Started","time":"2024-02-04T20:52:56+06:00"}
{"level":"info","msg":"Shutting down server...","time":"2024-02-04T20:53:09+06:00"}
{"level":"info","msg":"Server Started","time":"2024-02-04T20:59:07+06:00"}
{"level":"info","msg":"Server Started","time":"2024-02-04T21:29:40+06:00"}
{"level":"info","msg":"Server Started","time":"2024-02-04T21:34:30+06:00"}
{"level":"info","msg":"Server Started","time":"2024-02-04T21:34:43+06:00"}
{"level":"info","msg":"Server Started","time":"2024-02-04T21:35:07+06:00"}
{"level":"info","msg":"Shutting down server...","time":"2024-02-04T21:36:17+06:00"}
{"level":"info","msg":"Server Started","time":"2024-02-04T21:36:24+06:00"}
{"level":"info","msg":"Shutting down server...","time":"2024-02-04T21:36:42+06:00"}
{"level":"info","msg":"Server Started","time":"2024-02-04T21:37:04+06:00"}
{"level":"info","msg":"Shutting down server...","time":"2024-02-04T21:39:30+06:00"}
{"level":"info","msg":"Server Started","time":"2024-02-04T21:39:34+06:00"}
{"level":"info","msg":"Shutting down server...","time":"2024-02-04T21:40:08+06:00"}
{"level":"info","msg":"Server Started","time":"2024-02-04T21:40:13+06:00"}
{"level":"info","msg":"Shutting down server...","time":"2024-02-04T21:42:10+06:00"}
{"level":"info","msg":"Server Started","time":"2024-02-04T21:42:14+06:00"}
{"level":"info","msg":"Shutting down server...","time":"2024-02-04T21:42:51+06:00"}
{"level":"info","msg":"Server Started","time":"2024-02-04T21:42:55+06:00"}
{"level":"info","msg":"Shutting down server...","time":"2024-02-04T21:43:03+06:00"}
{"level":"info","msg":"Server Started","time":"2024-02-04T21:43:07+06:00"}
{"level":"info","msg":"Shutting down server...","time":"2024-02-04T21:44:18+06:00"}
{"level":"info","msg":"Server Started","time":"2024-02-04T21:44:22+06:00"}
{"level":"info","msg":"Shutting down server...","time":"2024-02-04T21:45:52+06:00"}
{"level":"info","msg":"Server Started","time":"2024-02-04T21:45:57+06:00"}
{"level":"info","msg":"Shutting down server...","time":"2024-02-04T21:48:52+06:00"}
{"level":"info","msg":"Server Started","time":"2024-02-04T21:48:56+06:00"}
{"level":"info","msg":"Shutting down server...","time":"2024-02-04T21:51:14+06:00"}
{"level":"info","msg":"Server Started","time":"2024-02-04T21:51:17+06:00"}
{"level":"info","msg":"Shutting down server...","time":"2024-02-04T21:53:05+06:00"}
{"level":"info","msg":"Server Started","time":"2024-02-04T21:53:09+06:00"}
{"level":"info","msg":"Shutting down server...","time":"2024-02-04T21:53:16+06:00"}
{"level":"info","msg":"Server Started","time":"2024-02-04T21:53:19+06:00"}
{"level":"info","msg":"Shutting down server...","time":"2024-02-04T21:54:45+06:00"}
{"level":"info","msg":"Server Started","time":"2024-02-04T21:54:48+06:00"}
{"level":"info","msg":"Shutting down server...","time":"2024-02-04T21:57:55+06:00"}
{"level":"info","msg":"Server Started","time":"2024-02-28T18:33:17+06:00"}
{"level":"info","msg":"Shutting down server...","time":"2024-02-28T18:35:58+06:00"}
{"level":"info","msg":"Server Started","time":"2024-02-28T18:36:02+06:00"}
{"level":"info","msg":"Server Started","time":"2024-02-28T18:36:26+06:00"}
{"level":"info","msg":"Shutting down server...","time":"2024-02-28T18:37:34+06:00"}
{"level":"info","msg":"Server Started","time":"2024-02-28T18:37:38+06:00"}
{"level":"info","msg":"Server Started","time":"2024-02-28T18:38:07+06:00"}
{"level":"info","msg":"Shutting down server...","time":"2024-02-28T18:39:29+06:00"}
{"level":"info","msg":"Server Started","time":"2024-02-28T18:39:33+06:00"}
{"level":"info","msg":"Shutting down server...","time":"2024-02-28T18:40:13+06:00"}
{"level":"info","msg":"Server Started","time":"2024-02-28T18:40:16+06:00"}
{"level":"info","msg":"Shutting down server...","time":"2024-02-28T18:41:32+06:00"}
{"level":"info","msg":"Server Started","time":"2024-02-28T18:41:36+06:00"}
{"level":"info","msg":"Shutting down server...","time":"2024-02-28T18:42:19+06:00"}
{"level":"info","msg":"Server Started","time":"2024-02-28T18:42:23+06:00"}
{"level":"info","msg":"Shutting down server...","time":"2024-02-28T18:42:50+06:00"}
{"level":"info","msg":"Server Started","time":"2024-02-28T18:42:55+06:00"}
{"level":"info","msg":"Shutting down server...","time":"2024-02-28T18:43:41+06:00"}
{"level":"info","msg":"Server Started","time":"2024-02-28T18:43:45+06:00"}
{"level":"info","msg":"Shutting down server...","time":"2024-02-28T18:44:56+06:00"}
{"level":"info","msg":"Server Started","time":"2024-02-28T18:44:59+06:00"}
{"level":"info","msg":"Shutting down server...","time":"2024-02-28T20:26:37+06:00"}
{"level":"info","msg":"Server Started","time":"2024-03-02T16:07:30+06:00"}
{"level":"info","msg":"Shutting down server...","time":"2024-03-02T16:08:23+06:00"}
{"level":"info","msg":"Server Started","time":"2024-03-02T16:08:27+06:00"}
{"level":"info","msg":"Shutting down server...","time":"2024-03-02T16:12:17+06:00"}
{"level":"info","msg":"Server Started","time":"2024-03-03T14:11:54+06:00"}
{"level":"info","msg":"Shutting down server...","time":"2024-03-03T14:14:51+06:00"}
{"level":"info","msg":"Server Started","time":"2024-03-03T14:16:47+06:00"}
{"level":"info","msg":"Shutting down server...","time":"2024-03-03T14:17:12+06:00"}
{"level":"info","msg":"Server Started","time":"2024-03-03T14:17:17+06:00"}
{"level":"info","msg":"Shutting down server...","time":"2024-03-03T14:52:25+06:00"}
{"level":"info","msg":"Server Started","time":"2024-03-03T14:52:41+06:00"}
{"level":"info","msg":"Server Started","time":"2024-03-03T14:54:39+06:00"}
{"level":"info","msg":"Server Started","time":"2024-03-03T14:54:40+06:00"}
{"level":"info","msg":"Server Started","time":"2024-03-03T14:54:49+06:00"}
{"level":"info","msg":"Server Started","time":"2024-03-03T14:54:57+06:00"}
{"level":"info","msg":"Server Started","time":"2024-03-03T14:55:04+06:00"}
{"level":"info","msg":"Server Started","time":"2024-03-03T14:55:04+06:00"}
{"level":"info","msg":"Server Started","time":"2024-03-03T14:55:04+06:00"}
{"level":"info","msg":"Shutting down server...","time":"2024-03-03T14:55:35+06:00"}
{"level":"info","msg":"Server Started","time":"2024-03-03T14:55:40+06:00"}
{"level":"info","msg":"Server Started","time":"2024-03-03T14:55:56+06:00"}
{"level":"info","msg":"Shutting down server...","time":"2024-03-03T14:56:17+06:00"}
{"level":"info","msg":"Server Started","time":"2024-03-03T14:56:21+06:00"}
{"level":"info","msg":"Server Started","time":"2024-03-03T14:56:27+06:00"}
{"level":"info","msg":"Server Started","time":"2024-03-03T14:56:27+06:00"}
{"level":"info","msg":"Server Started","time":"2024-03-03T14:56:31+06:00"}
{"level":"info","msg":"Server Started","time":"2024-03-03T14:56:31+06:00"}
{"level":"info","msg":"Server Started","time":"2024-03-03T14:56:32+06:00"}
{"level":"info","msg":"Server Started","time":"2024-03-03T14:56:34+06:00"}
{"level":"info","msg":"Server Started","time":"2024-03-03T14:56:35+06:00"}
{"level":"info","msg":"Server Started","time":"2024-03-03T14:56:40+06:00"}
{"level":"info","msg":"Server Started","time":"2024-03-03T14:56:42+06:00"}
{"level":"info","msg":"Server Started","time":"2024-03-03T14:56:42+06:00"}
{"level":"info","msg":"Server Started","time":"2024-03-03T14:56:46+06:00"}
{"level":"info","msg":"Server Started","time":"2024-03-03T14:57:32+06:00"}
{"level":"info","msg":"Server Started","time":"2024-03-03T14:57:33+06:00"}
{"level":"info","msg":"Server Started","time":"2024-03-03T14:57:33+06:00"}
{"level":"info","msg":"Server Started","time":"2024-03-03T14:57:39+06:00"}
{"level":"info","msg":"Server Started","time":"2024-03-03T14:57:52+06:00"}
{"level":"info","msg":"Server Started","time":"2024-03-03T14:57:56+06:00"}
{"level":"info","msg":"Server Started","time":"2024-03-03T14:57:58+06:00"}
{"level":"info","msg":"Server Started","time":"2024-03-03T14:58:03+06:00"}
{"level":"info","msg":"Server Started","time":"2024-03-03T14:58:06+06:00"}
{"level":"info","msg":"Server Started","time":"2024-03-03T14:58:18+06:00"}
{"level":"info","msg":"Server Started","time":"2024-03-03T14:58:35+06:00"}
{"level":"info","msg":"Server Started","time":"2024-03-03T14:58:36+06:00"}
{"level":"info","msg":"Server Started","time":"2024-03-03T14:58:36+06:00"}
{"level":"info","msg":"Server Started","time":"2024-03-03T14:58:53+06:00"}
{"level":"info","msg":"Server Started","time":"2024-03-03T14:58:54+06:00"}
{"level":"info","msg":"Server Started","time":"2024-03-03T14:58:54+06:00"}
{"level":"info","msg":"Server Started","time":"2024-03-03T14:58:58+06:00"}
{"level":"info","msg":"Server Started","time":"2024-03-03T14:59:02+06:00"}
{"level":"info","msg":"Server Started","time":"2024-03-03T14:59:12+06:00"}
{"level":"info","msg":"Server Started","time":"2024-03-03T14:59:13+06:00"}
{"level":"info","msg":"Server Started","time":"2024-03-03T14:59:13+06:00"}
{"level":"info","msg":"Server Started","time":"2024-03-03T14:59:14+06:00"}
{"level":"info","msg":"Server Started","time":"2024-03-03T14:59:15+06:00"}
{"level":"info","msg":"Server Started","time":"2024-03-03T15:25:48+06:00"}
{"level":"info","msg":"Server Started","time":"2024-03-03T15:25:48+06:00"}
{"level":"info","msg":"Server Started","time":"2024-03-03T15:27:22+06:00"}
{"level":"info","msg":"Shutting down server...","time":"2024-03-03T15:27:49+06:00"}
{"level":"info","msg":"Shutting down server...","time":"2024-03-03T15:30:05+06:00"}
{"level":"info","msg":"Server Started","time":"2024-03-03T15:36:45+06:00"}
{"level":"info","msg":"Server Started","time":"2024-03-03T15:36:45+06:00"}
{"level":"info","msg":"Server Started","time":"2024-03-03T15:36:45+06:00"}
{"level":"info","msg":"Server Started","time":"2024-03-03T15:37:02+06:00"}
{"level":"info","msg":"Server Started","time":"2024-03-03T15:37:57+06:00"}
{"level":"info","msg":"Server Started","time":"2024-03-03T15:37:57+06:00"}
{"level":"info","msg":"Server Started","time":"2024-03-03T15:42:27+06:00"}
{"level":"info","msg":"Server Started","time":"2024-03-03T15:42:30+06:00"}
{"level":"info","msg":"Server Started","time":"2024-03-03T15:42:57+06:00"}
{"level":"info","msg":"Server Started","time":"2024-03-03T15:42:59+06:00"}
{"level":"info","msg":"Server Started","time":"2024-03-03T15:43:43+06:00"}
{"level":"info","msg":"Server Started","time":"2024-03-03T15:43:46+06:00"}
{"level":"info","msg":"Server Started","time":"2024-03-03T15:44:00+06:00"}
{"level":"info","msg":"Server Started","time":"2024-03-03T15:44:01+06:00"}
{"level":"info","msg":"Server Started","time":"2024-03-03T15:44:01+06:00"}
{"level":"info","msg":"Server Started","time":"2024-03-03T15:44:04+06:00"}
{"level":"info","msg":"Server Started","time":"2024-03-03T15:44:06+06:00"}
{"level":"info","msg":"Shutting down server...","time":"2024-03-03T15:44:47+06:00"}
{"level":"fatal","msg":"Error connecting to database: failed to connect to `host=dpg-cni5e2n79t8c73bprang-a user=qbasy database=advanced`: hostname resolving error (lookup dpg-cni5e2n79t8c73bprang-a: no such host)","time":"2024-03-03T15:56:51+06:00"}
{"level":"fatal","msg":"Error connecting to database: failed to connect to `host=dpg-cni5e2n79t8c73bprang-a user=qbasy database=advanced`: hostname resolving error (lookup dpg-cni5e2n79t8c73bprang-a: no such host)","time":"2024-03-03T15:59:08+06:00"}
{"level":"info","msg":"Shutting down server...","time":"2024-03-03T16:01:31+06:00"}
{"level":"info","msg":"Server Started","time":"2024-03-03T16:13:43+06:00"}
{"level":"info","msg":"Server Started","time":"2024-03-03T16:13:45+06:00"}
{"level":"info","msg":"Server Started","time":"2024-03-03T16:13:47+06:00"}
{"level":"info","msg":"Server Started","time":"2024-03-03T16:13:48+06:00"}
{"level":"info","msg":"Server Started","time":"2024-03-03T16:13:49+06:00"}
{"level":"info","msg":"Server Started","time":"2024-03-03T16:13:49+06:00"}
{"level":"info","msg":"Server Started","time":"2024-03-03T16:13:50+06:00"}
{"level":"info","msg":"Server Started","time":"2024-03-03T16:13:52+06:00"}
{"level":"info","msg":"Server Started","time":"2024-03-03T16:14:24+06:00"}
{"level":"info","msg":"Shutting down server...","time":"2024-03-03T16:20:44+06:00"}
{"level":"info","msg":"Shutting down server...","time":"2024-03-03T16:20:55+06:00"}
{"level":"info","msg":"Shutting down server...","time":"2024-03-03T16:24:25+06:00"}
{"level":"info","msg":"Shutting down server...","time":"2024-03-03T16:51:15+06:00"}
{"level":"info","msg":"Shutting down server...","time":"2024-03-03T16:51:36+06:00"}
{"level":"info","msg":"Shutting down server...","time":"2024-03-03T16:52:23+06:00"}
{"level":"info","msg":"Shutting down server...","time":"2024-03-03T16:53:12+06:00"}
{"level":"info","msg":"Shutting down server...","time":"2024-03-03T16:56:54+06:00"}
{"level":"info","msg":"Shutting down server...","time":"2024-03-03T17:12:36+06:00"}
{"level":"info","msg":"Server Started","time":"2024-03-03T17:13:11+06:00"}
{"level":"info","msg":"Server Started","time":"2024-03-03T17:13:11+06:00"}
{"level":"info","msg":"Server Started","time":"2024-03-03T17:13:11+06:00"}
{"level":"info","msg":"Server Started","time":"2024-03-03T17:13:13+06:00"}
{"level":"info","msg":"Shutting down server...","time":"2024-03-03T17:13:34+06:00"}
{"level":"info","msg":"Server Started","time":"2024-03-03T17:13:47+06:00"}
{"level":"info","msg":"Server Started","time":"2024-03-03T17:13:49+06:00"}
{"level":"info","msg":"Server Started","time":"2024-03-03T17:13:51+06:00"}
{"level":"info","msg":"Server Started","time":"2024-03-03T17:13:51+06:00"}
{"level":"info","msg":"Server Started","time":"2024-03-03T17:13:51+06:00"}
{"level":"info","msg":"Server Started","time":"2024-03-03T17:13:52+06:00"}
{"level":"info","msg":"Shutting down server...","time":"2024-03-03T17:14:57+06:00"}
{"level":"info","msg":"Server Started","time":"2024-03-03T17:17:28+06:00"}
{"level":"info","msg":"Server Started","time":"2024-03-03T17:17:28+06:00"}
{"level":"info","msg":"Server Started","time":"2024-03-03T17:17:28+06:00"}
{"level":"info","msg":"Server Started","time":"2024-03-03T17:17:34+06:00"}
{"level":"info","msg":"Server Started","time":"2024-03-03T17:17:38+06:00"}
{"level":"info","msg":"Server Started","time":"2024-03-03T17:17:48+06:00"}
{"level":"info","msg":"Shutting down server...","time":"2024-03-03T17:21:58+06:00"}
{"level":"info","msg":"Server Started","time":"2024-03-03T17:26:22+06:00"}
{"level":"info","msg":"Shutting down server...","time":"2024-03-03T17:33:51+06:00"}
{"level":"info","msg":"Server Started","time":"2024-03-03T17:36:09+06:00"}
{"level":"info","msg":"Shutting down server...","time":"2024-03-03T17:38:25+06:00"}
{"level":"info","msg":"Server Started","time":"2024-03-03T17:38:42+06:00"}
{"level":"info","msg":"Server Started","time":"2024-03-03T17:38:50+06:00"}
{"level":"info","msg":"Server Started","time":"2024-03-03T17:38:50+06:00"}
{"level":"info","msg":"Server Started","time":"2024-03-03T17:38:50+06:00"}
{"level":"info","msg":"Server Started","time":"2024-03-03T17:39:26+06:00"}
{"level":"info","msg":"Server Started","time":"2024-03-03T17:40:47+06:00"}
{"level":"info","msg":"Server Started","time":"2024-03-03T17:40:53+06:00"}
{"level":"info","msg":"Server Started","time":"2024-03-03T17:40:53+06:00"}
{"level":"info","msg":"Server Started","time":"2024-03-03T17:40:55+06:00"}
{"level":"info","msg":"Shutting down server...","time":"2024-03-03T17:41:41+06:00"}
{"level":"info","msg":"Shutting down server...","time":"2024-03-03T17:42:33+06:00"}
{"level":"info","msg":"Server Started","time":"2024-03-03T17:42:42+06:00"}
{"level":"info","msg":"Server Started","time":"2024-03-03T17:42:47+06:00"}
{"level":"info","msg":"Server Started","time":"2024-03-03T17:42:48+06:00"}
{"level":"info","msg":"Server Started","time":"2024-03-03T17:42:48+06:00"}
{"level":"info","msg":"Server Started","time":"2024-03-03T17:43:29+06:00"}
{"level":"info","msg":"Server Started","time":"2024-03-03T17:43:37+06:00"}
{"level":"info","msg":"Server Started","time":"2024-03-03T17:43:37+06:00"}
{"level":"info","msg":"Server Started","time":"2024-03-03T17:44:27+06:00"}
{"level":"info","msg":"Server Started","time":"2024-03-03T17:44:35+06:00"}
{"level":"info","msg":"Server Started","time":"2024-03-03T17:44:35+06:00"}
{"level":"info","msg":"Shutting down server...","time":"2024-03-03T17:44:54+06:00"}
{"level":"info","msg":"Server Started","time":"2024-03-03T17:45:57+06:00"}
{"level":"info","msg":"Server Started","time":"2024-03-03T17:45:57+06:00"}
{"level":"info","msg":"Server Started","time":"2024-03-03T17:46:07+06:00"}
{"level":"info","msg":"Server Started","time":"2024-03-03T17:46:07+06:00"}
{"level":"info","msg":"Shutting down server...","time":"2024-03-03T17:47:02+06:00"}
{"level":"info","msg":"Server Started","time":"2024-03-03T17:47:15+06:00"}
{"level":"info","msg":"Server Started","time":"2024-03-03T17:47:15+06:00"}
{"level":"info","msg":"Server Started","time":"2024-03-03T17:47:19+06:00"}
{"level":"info","msg":"Server Started","time":"2024-03-03T17:47:27+06:00"}
{"level":"info","msg":"Server Started","time":"2024-03-03T17:47:27+06:00"}
{"level":"info","msg":"Server Started","time":"2024-03-03T17:48:25+06:00"}
{"level":"info","msg":"Server Started","time":"2024-03-03T17:49:27+06:00"}
{"level":"info","msg":"Server Started","time":"2024-03-03T17:49:35+06:00"}
{"level":"info","msg":"Shutting down server...","time":"2024-03-03T17:53:05+06:00"}
{"level":"info","msg":"Shutting down server...","time":"2024-03-03T17:53:42+06:00"}
{"level":"info","msg":"Server Started","time":"2024-03-03T17:54:01+06:00"}
{"level":"info","msg":"Server Started","time":"2024-03-03T17:54:46+06:00"}
{"level":"info","msg":"Server Started","time":"2024-03-03T17:54:47+06:00"}
{"level":"info","msg":"Server Started","time":"2024-03-03T17:54:47+06:00"}
{"level":"info","msg":"Server Started","time":"2024-03-03T17:54:51+06:00"}
{"level":"info","msg":"Server Started","time":"2024-03-03T17:54:55+06:00"}
{"level":"info","msg":"Shutting down server...","time":"2024-03-03T17:55:54+06:00"}
{"level":"info","msg":"Server Started","time":"2024-03-03T17:56:07+06:00"}
{"level":"info","msg":"Shutting down server...","time":"2024-03-03T17:59:00+06:00"}
{"level":"info","msg":"Shutting down server...","time":"2024-03-03T17:59:59+06:00"}
{"level":"info","msg":"Server Started","time":"2024-03-03T18:00:22+06:00"}
{"level":"info","msg":"Server Started","time":"2024-03-03T18:00:27+06:00"}
{"level":"info","msg":"Server Started","time":"2024-03-03T18:00:27+06:00"}
{"level":"info","msg":"Server Started","time":"2024-03-03T18:00:28+06:00"}
{"level":"info","msg":"Server Started","time":"2024-03-03T18:00:34+06:00"}
{"level":"info","msg":"Server Started","time":"2024-03-03T18:00:34+06:00"}
{"level":"info","msg":"Server Started","time":"2024-03-03T18:01:29+06:00"}
{"level":"info","msg":"Server Started","time":"2024-03-03T18:01:30+06:00"}
{"level":"info","msg":"Server Started","time":"2024-03-03T18:01:30+06:00"}
{"level":"info","msg":"Server Started","time":"2024-03-03T18:01:32+06:00"}
{"level":"info","msg":"Server Started","time":"2024-03-03T18:01:52+06:00"}
{"level":"info","msg":"Server Started","time":"2024-03-03T18:01:58+06:00"}
{"level":"info","msg":"Server Started","time":"2024-03-03T18:01:58+06:00"}
{"level":"info","msg":"Server Started","time":"2024-03-03T18:02:04+06:00"}
{"level":"info","msg":"Server Started","time":"2024-03-03T18:02:13+06:00"}
{"level":"info","msg":"Server Started","time":"2024-03-03T18:02:25+06:00"}
{"level":"info","msg":"Server Started","time":"2024-03-03T18:02:25+06:00"}
{"level":"info","msg":"Server Started","time":"2024-03-03T18:02:34+06:00"}
{"level":"info","msg":"Server Started","time":"2024-03-03T18:02:34+06:00"}
{"level":"info","msg":"Server Started","time":"2024-03-03T18:02:38+06:00"}
{"level":"info","msg":"Server Started","time":"2024-03-03T18:02:38+06:00"}
{"level":"info","msg":"Shutting down server...","time":"2024-03-03T18:03:57+06:00"}
{"level":"info","msg":"Server Started","time":"2024-03-03T18:04:06+06:00"}
{"level":"info","msg":"Server Started","time":"2024-03-03T18:04:07+06:00"}
{"level":"info","msg":"Server Started","time":"2024-03-03T18:04:07+06:00"}
{"level":"info","msg":"Server Started","time":"2024-03-03T18:04:07+06:00"}
{"level":"info","msg":"Server Started","time":"2024-03-03T18:04:09+06:00"}
{"level":"info","msg":"Shutting down server...","time":"2024-03-03T18:09:34+06:00"}
{"level":"info","msg":"Shutting down server...","time":"2024-03-03T18:14:42+06:00"}
{"level":"info","msg":"Shutting down server...","time":"2024-03-03T18:42:09+06:00"}
{"level":"info","msg":"Shutting down server...","time":"2024-04-19T15:14:03+06:00"}
{"level":"info","msg":"Server Started","time":"2024-04-19T15:21:34+06:00"}
{"level":"info","msg":"Server Started","time":"2024-04-19T15:21:34+06:00"}
{"level":"info","msg":"Server Started","time":"2024-04-19T15:21:34+06:00"}
{"level":"info","msg":"Server Started","time":"2024-04-19T15:21:34+06:00"}
{"level":"info","msg":"Server Started","time":"2024-04-19T15:21:37+06:00"}
{"level":"info","msg":"Server Started","time":"2024-04-19T15:21:42+06:00"}
{"level":"info","msg":"Server Started","time":"2024-04-19T15:21:49+06:00"}
{"level":"info","msg":"Server Started","time":"2024-04-19T15:21:50+06:00"}
{"level":"info","msg":"Server Started","time":"2024-04-19T15:22:07+06:00"}
{"level":"info","msg":"Server Started","time":"2024-04-19T15:22:09+06:00"}
{"level":"info","msg":"Server Started","time":"2024-04-19T15:22:09+06:00"}
{"level":"info","msg":"Server Started","time":"2024-04-19T15:22:11+06:00"}
{"level":"info","msg":"Server Started","time":"2024-04-19T15:22:14+06:00"}
{"level":"info","msg":"Server Started","time":"2024-04-19T15:22:17+06:00"}
{"level":"info","msg":"Server Started","time":"2024-04-19T15:22:18+06:00"}
{"level":"info","msg":"Server Started","time":"2024-04-19T15:22:21+06:00"}
{"level":"info","msg":"Server Started","time":"2024-04-19T15:22:23+06:00"}
{"level":"info","msg":"Server Started","time":"2024-04-19T15:22:27+06:00"}
{"level":"info","msg":"Shutting down server...","time":"2024-04-19T15:23:57+06:00"}
{"level":"info","msg":"Shutting down server...","time":"2024-04-19T15:36:09+06:00"}
{"level":"info","msg":"Shutting down server...","time":"2024-04-19T15:39:11+06:00"}
{"level":"info","msg":"Shutting down server...","time":"2024-04-19T15:47:20+06:00"}
{"level":"info","msg":"Shutting down server...","time":"2024-04-19T15:55:49+06:00"}
{"level":"info","msg":"Shutting down server...","time":"2024-04-19T15:56:27+06:00"}
{"level":"info","msg":"Shutting down server...","time":"2024-04-19T16:05:09+06:00"}
{"level":"info","msg":"Shutting down server...","time":"2024-04-19T16:11:46+06:00"}
{"level":"info","msg":"Shutting down server...","time":"2024-04-19T16:39:15+06:00"}
{"level":"info","msg":"Shutting down server...","time":"2024-04-26T10:09:19+06:00"}
{"level":"info","msg":"Shutting down server...","time":"2024-04-26T10:10:05+06:00"}
{"level":"info","msg":"Shutting down server...","time":"2024-04-26T10:10:26+06:00"}
{"level":"info","msg":"Shutting down server...","time":"2024-04-26T10:11:06+06:00"}
{"level":"info","msg":"Shutting down server...","time":"2024-04-26T10:12:49+06:00"}
{"level":"info","msg":"Shutting down server...","time":"2024-04-26T10:15:04+06:00"}
{"level":"info","msg":"Shutting down server...","time":"2024-04-26T10:21:05+06:00"}
{"level":"info","msg":"Shutting down server...","time":"2024-04-26T10:21:38+06:00"}
{"level":"info","msg":"Shutting down server...","time":"2024-04-26T10:23:49+06:00"}
{"level":"info","msg":"Shutting down server...","time":"2024-04-26T10:42:18+06:00"}
{"level":"info","msg":"Shutting down server...","time":"2024-04-26T10:43:15+06:00"}
{"level":"info","msg":"Shutting down server...","time":"2024-04-26T10:44:11+06:00"}
{"level":"info","msg":"Shutting down server...","time":"2024-04-26T10:44:57+06:00"}
{"level":"info","msg":"Shutting down server...","time":"2024-04-26T10:45:29+06:00"}
{"level":"info","msg":"Shutting down server...","time":"2024-04-26T10:46:19+06:00"}
{"level":"info","msg":"Shutting down server...","time":"2024-04-26T10:47:12+06:00"}
{"level":"info","msg":"Shutting down server...","time":"2024-04-26T10:56:51+06:00"}
{"level":"info","msg":"Shutting down server...","time":"2024-04-26T11:01:58+06:00"}
{"level":"info","msg":"Shutting down server...","time":"2024-04-26T11:05:39+06:00"}
{"level":"info","msg":"Shutting down server...","time":"2024-04-26T11:08:18+06:00"}
{"level":"info","msg":"Shutting down server...","time":"2024-04-26T11:09:03+06:00"}
{"level":"info","msg":"Shutting down server...","time":"2024-04-26T11:13:16+06:00"}
{"level":"info","msg":"Shutting down server...","time":"2024-04-26T16:02:02+06:00"}
{"level":"info","msg":"Shutting down server...","time":"2024-04-26T16:03:36+06:00"}
{"level":"info","msg":"Shutting down server...","time":"2024-04-26T16:11:55+06:00"}
{"level":"info","msg":"Shutting down server...","time":"2024-04-26T16:14:08+06:00"}
{"level":"info","msg":"Shutting down server...","time":"2024-04-26T16:48:52+06:00"}
{"level":"fatal","msg":"Error connecting to database: cannot parse `jdbc:postgresql://localhost:5432/postgres`: failed to parse as DSN (invalid dsn)","time":"2024-04-26T16:48:57+06:00"}
{"level":"fatal","msg":"Error connecting to database: cannot parse `jdbc:postgresql://localhost:5432/postgres`: failed to parse as DSN (invalid dsn)","time":"2024-04-26T16:49:07+06:00"}
{"level":"fatal","msg":"Error connecting to database: cannot parse `jdbc:postgresql://localhost:5432/postgres`: failed to parse as DSN (invalid dsn)","time":"2024-05-02T13:14:11+06:00"}
{"level":"info","msg":"Shutting down server...","time":"2024-05-02T13:17:26+06:00"}
{"level":"info","msg":"Shutting down server...","time":"2024-05-02T13:20:50+06:00"}
{"level":"info","msg":"Shutting down server...","time":"2024-05-02T13:23:55+06:00"}
{"level":"info","msg":"Shutting down server...","time":"2024-05-02T13:38:36+06:00"}
{"level":"info","msg":"Shutting down server...","time":"2024-05-02T13:44:37+06:00"}
{"level":"info","msg":"Shutting down server...","time":"2024-05-11T17:01:11+06:00"}
{"level":"info","msg":"Shutting down server...","time":"2024-05-17T16:10:15+06:00"}
{"level":"info","msg":"Shutting down server...","time":"2024-05-17T16:21:30+06:00"}
{"level":"info","msg":"Shutting down server...","time":"2024-05-23T10:42:25+06:00"}
{"level":"info","msg":"Shutting down server...","time":"2024-05-23T10:46:40+06:00"}
{"level":"info","msg":"Shutting down server...","time":"2024-05-23T10:47:58+06:00"}
{"level":"info","msg":"Shutting down server...","time":"2024-05-23T10:51:36+06:00"}
{"level":"info","msg":"Shutting down server...","time":"2024-05-23T10:52:27+06:00"}
{"level":"info","msg":"Shutting down server...","time":"2024-05-23T10:53:20+06:00"}
{"level":"info","msg":"Shutting down server...","time":"2024-05-23T10:53:49+06:00"}
{"level":"info","msg":"Shutting down server...","time":"2024-05-23T10:58:12+06:00"}
{"level":"info","msg":"Shutting down server...","time":"2024-05-23T10:59:27+06:00"}
{"level":"info","msg":"Shutting down server...","time":"2024-05-23T11:19:13+06:00"}
{"level":"info","msg":"Shutting down server...","time":"2024-05-23T11:21:28+06:00"}
{"level":"info","msg":"Shutting down server...","time":"2024-05-23T11:21:56+06:00"}
{"level":"info","msg":"Shutting down server...","time":"2024-05-23T11:26:11+06:00"}
{"level":"info","msg":"Shutting down server...","time":"2024-05-23T11:29:41+06:00"}
{"level":"info","msg":"Shutting down server...","time":"2024-05-23T11:30:33+06:00"}
{"level":"info","msg":"Shutting down server...","time":"2024-05-23T11:31:57+06:00"}
{"level":"info","msg":"Shutting down server...","time":"2024-05-23T11:32:53+06:00"}
{"level":"info","msg":"Shutting down server...","time":"2024-05-23T11:42:42+06:00"}
{"level":"info","msg":"Error reading message: websocket: close 1001 (going away)","time":"2024-05-23T11:59:42+06:00"}
{"level":"info","msg":"Error reading message: websocket: close 1001 (going away)","time":"2024-05-23T11:59:50+06:00"}
{"level":"info","msg":"Shutting down server...","time":"2024-05-23T12:11:46+06:00"}
{"level":"info","msg":"Shutting down server...","time":"2024-05-23T12:21:08+06:00"}
{"level":"info","msg":"Shutting down server...","time":"2024-05-23T12:23:38+06:00"}
{"level":"info","msg":"Shutting down server...","time":"2024-05-23T12:28:14+06:00"}
{"level":"info","msg":"Shutting down server...","time":"2024-05-23T12:29:24+06:00"}
{"level":"info","msg":"Shutting down server...","time":"2024-05-23T12:35:48+06:00"}
{"level":"info","msg":"Shutting down server...","time":"2024-05-23T12:46:32+06:00"}
{"level":"info","msg":"Shutting down server...","time":"2024-05-23T13:42:00+06:00"}
{"level":"info","msg":"Shutting down server...","time":"2024-05-24T13:49:22+06:00"}
{"level":"info","msg":"Shutting down server...","time":"2024-05-24T14:09:17+06:00"}
{"level":"info","msg":"Starting server on port 8888...","time":"2024-05-24T14:09:40+06:00"}
{"level":"error","msg":"Error upgrading to WebSockets: websocket: request origin not allowed by Upgrader.CheckOrigin","time":"2024-05-24T14:10:10+06:00"}
{"level":"error","msg":"Error upgrading to WebSockets: websocket: request origin not allowed by Upgrader.CheckOrigin","time":"2024-05-24T14:10:15+06:00"}
{"level":"error","msg":"Error upgrading to WebSockets: websocket: request origin not allowed by Upgrader.CheckOrigin","time":"2024-05-24T14:10:25+06:00"}
{"level":"info","msg":"Shutting down server...","time":"2024-05-24T14:11:35+06:00"}
{"level":"info","msg":"Starting server on port 8888...","time":"2024-05-24T14:11:46+06:00"}
{"level":"info","msg":"Shutting down server...","time":"2024-05-24T14:25:13+06:00"}
{"level":"info","msg":"Shutting down server...","time":"2024-05-24T14:39:34+06:00"}
{"level":"info","msg":"Shutting down server...","time":"2024-05-24T14:40:44+06:00"}
{"level":"info","msg":"Shutting down server...","time":"2024-05-24T14:56:00+06:00"}
{"level":"info","msg":"Shutting down server...","time":"2024-05-24T15:02:19+06:00"}
{"level":"info","msg":"Shutting down server...","time":"2024-05-24T15:03:21+06:00"}
{"level":"info","msg":"Shutting down server...","time":"2024-05-24T15:04:57+06:00"}
{"level":"info","msg":"Shutting down server...","time":"2024-05-24T15:05:21+06:00"}
{"level":"info","msg":"Shutting down server...","time":"2024-05-24T15:06:54+06:00"}
{"level":"info","msg":"Shutting down server...","time":"2024-05-24T15:08:53+06:00"}
{"level":"info","msg":"Shutting down server...","time":"2024-05-24T15:20:47+06:00"}
{"level":"info","msg":"Shutting down server...","time":"2024-05-24T15:25:37+06:00"}
